[0.244s] DEBUG:colcon:Command line arguments: ['/usr/bin/colcon', 'build', '--symlink-install']
[0.244s] DEBUG:colcon:Parsed command line arguments: Namespace(allow_overriding=[], ament_cmake_args=None, base_paths=['.'], build_base='build', catkin_cmake_args=None, catkin_skip_building_tests=False, cmake_args=None, cmake_clean_cache=False, cmake_clean_first=False, cmake_force_configure=False, cmake_target=None, cmake_target_skip_unavailable=False, continue_on_error=False, event_handlers=None, executor='parallel', ignore_user_meta=False, install_base='install', log_base=None, log_level=None, main=<bound method BuildVerb.main of <colcon_core.verb.build.BuildVerb object at 0x7fcb4400a7c0>>, merge_install=False, metas=['./colcon.meta'], packages_above=None, packages_above_and_dependencies=None, packages_above_depth=None, packages_end=None, packages_ignore=None, packages_ignore_regex=None, packages_select=None, packages_select_build_failed=False, packages_select_by_dep=None, packages_select_regex=None, packages_select_test_failures=False, packages_skip=None, packages_skip_build_finished=False, packages_skip_by_dep=None, packages_skip_regex=None, packages_skip_test_passed=False, packages_skip_up_to=None, packages_start=None, packages_up_to=None, packages_up_to_regex=None, parallel_workers=12, paths=None, symlink_install=True, test_result_base=None, verb_extension=<colcon_core.verb.build.BuildVerb object at 0x7fcb4400a7c0>, verb_name='build', verb_parser=<colcon_defaults.argument_parser.defaults.DefaultArgumentsDecorator object at 0x7fcb4400ad30>)
[0.263s] Level 1:colcon.colcon_core.package_discovery:discover_packages(colcon_meta) check parameters
[0.264s] Level 1:colcon.colcon_core.package_discovery:discover_packages(recursive) check parameters
[0.264s] Level 1:colcon.colcon_core.package_discovery:discover_packages(ignore) check parameters
[0.264s] Level 1:colcon.colcon_core.package_discovery:discover_packages(path) check parameters
[0.264s] Level 1:colcon.colcon_core.package_discovery:discover_packages(colcon_meta) discover
[0.264s] Level 1:colcon.colcon_core.package_discovery:discover_packages(recursive) discover
[0.264s] INFO:colcon.colcon_core.package_discovery:Crawling recursively for packages in '/home/kaisar/robot_ws'
[0.264s] Level 1:colcon.colcon_core.package_identification:_identify(.) by extensions ['ignore', 'ignore_ament_install']
[0.264s] Level 1:colcon.colcon_core.package_identification:_identify(.) by extension 'ignore'
[0.264s] Level 1:colcon.colcon_core.package_identification:_identify(.) by extension 'ignore_ament_install'
[0.264s] Level 1:colcon.colcon_core.package_identification:_identify(.) by extensions ['colcon_pkg']
[0.264s] Level 1:colcon.colcon_core.package_identification:_identify(.) by extension 'colcon_pkg'
[0.264s] Level 1:colcon.colcon_core.package_identification:_identify(.) by extensions ['colcon_meta']
[0.264s] Level 1:colcon.colcon_core.package_identification:_identify(.) by extension 'colcon_meta'
[0.264s] Level 1:colcon.colcon_core.package_identification:_identify(.) by extensions ['ros']
[0.264s] Level 1:colcon.colcon_core.package_identification:_identify(.) by extension 'ros'
[0.282s] Level 1:colcon.colcon_core.package_identification:_identify(.) by extensions ['cmake', 'python']
[0.282s] Level 1:colcon.colcon_core.package_identification:_identify(.) by extension 'cmake'
[0.282s] Level 1:colcon.colcon_core.package_identification:_identify(.) by extension 'python'
[0.282s] Level 1:colcon.colcon_core.package_identification:_identify(.) by extensions ['python_setup_py']
[0.282s] Level 1:colcon.colcon_core.package_identification:_identify(.) by extension 'python_setup_py'
[0.282s] Level 1:colcon.colcon_core.package_identification:_identify(build) by extensions ['ignore', 'ignore_ament_install']
[0.283s] Level 1:colcon.colcon_core.package_identification:_identify(build) by extension 'ignore'
[0.283s] Level 1:colcon.colcon_core.package_identification:_identify(build) ignored
[0.283s] Level 1:colcon.colcon_core.package_identification:_identify(install) by extensions ['ignore', 'ignore_ament_install']
[0.283s] Level 1:colcon.colcon_core.package_identification:_identify(install) by extension 'ignore'
[0.283s] Level 1:colcon.colcon_core.package_identification:_identify(install) ignored
[0.283s] Level 1:colcon.colcon_core.package_identification:_identify(log) by extensions ['ignore', 'ignore_ament_install']
[0.283s] Level 1:colcon.colcon_core.package_identification:_identify(log) by extension 'ignore'
[0.283s] Level 1:colcon.colcon_core.package_identification:_identify(log) ignored
[0.283s] Level 1:colcon.colcon_core.package_identification:_identify(src) by extensions ['ignore', 'ignore_ament_install']
[0.283s] Level 1:colcon.colcon_core.package_identification:_identify(src) by extension 'ignore'
[0.283s] Level 1:colcon.colcon_core.package_identification:_identify(src) by extension 'ignore_ament_install'
[0.283s] Level 1:colcon.colcon_core.package_identification:_identify(src) by extensions ['colcon_pkg']
[0.283s] Level 1:colcon.colcon_core.package_identification:_identify(src) by extension 'colcon_pkg'
[0.283s] Level 1:colcon.colcon_core.package_identification:_identify(src) by extensions ['colcon_meta']
[0.283s] Level 1:colcon.colcon_core.package_identification:_identify(src) by extension 'colcon_meta'
[0.283s] Level 1:colcon.colcon_core.package_identification:_identify(src) by extensions ['ros']
[0.283s] Level 1:colcon.colcon_core.package_identification:_identify(src) by extension 'ros'
[0.283s] Level 1:colcon.colcon_core.package_identification:_identify(src) by extensions ['cmake', 'python']
[0.283s] Level 1:colcon.colcon_core.package_identification:_identify(src) by extension 'cmake'
[0.283s] Level 1:colcon.colcon_core.package_identification:_identify(src) by extension 'python'
[0.283s] Level 1:colcon.colcon_core.package_identification:_identify(src) by extensions ['python_setup_py']
[0.284s] Level 1:colcon.colcon_core.package_identification:_identify(src) by extension 'python_setup_py'
[0.284s] Level 1:colcon.colcon_core.package_identification:_identify(src/articubot_one) by extensions ['ignore', 'ignore_ament_install']
[0.284s] Level 1:colcon.colcon_core.package_identification:_identify(src/articubot_one) by extension 'ignore'
[0.284s] Level 1:colcon.colcon_core.package_identification:_identify(src/articubot_one) by extension 'ignore_ament_install'
[0.284s] Level 1:colcon.colcon_core.package_identification:_identify(src/articubot_one) by extensions ['colcon_pkg']
[0.284s] Level 1:colcon.colcon_core.package_identification:_identify(src/articubot_one) by extension 'colcon_pkg'
[0.284s] Level 1:colcon.colcon_core.package_identification:_identify(src/articubot_one) by extensions ['colcon_meta']
[0.284s] Level 1:colcon.colcon_core.package_identification:_identify(src/articubot_one) by extension 'colcon_meta'
[0.284s] Level 1:colcon.colcon_core.package_identification:_identify(src/articubot_one) by extensions ['ros']
[0.284s] Level 1:colcon.colcon_core.package_identification:_identify(src/articubot_one) by extension 'ros'
[0.286s] DEBUG:colcon.colcon_core.package_identification:Package 'src/articubot_one' with type 'ros.ament_cmake' and name 'articubot_one'
[0.286s] Level 1:colcon.colcon_core.package_identification:_identify(src/rlcar_gazebo_controller) by extensions ['ignore', 'ignore_ament_install']
[0.286s] Level 1:colcon.colcon_core.package_identification:_identify(src/rlcar_gazebo_controller) by extension 'ignore'
[0.286s] Level 1:colcon.colcon_core.package_identification:_identify(src/rlcar_gazebo_controller) by extension 'ignore_ament_install'
[0.286s] Level 1:colcon.colcon_core.package_identification:_identify(src/rlcar_gazebo_controller) by extensions ['colcon_pkg']
[0.286s] Level 1:colcon.colcon_core.package_identification:_identify(src/rlcar_gazebo_controller) by extension 'colcon_pkg'
[0.286s] Level 1:colcon.colcon_core.package_identification:_identify(src/rlcar_gazebo_controller) by extensions ['colcon_meta']
[0.286s] Level 1:colcon.colcon_core.package_identification:_identify(src/rlcar_gazebo_controller) by extension 'colcon_meta'
[0.286s] Level 1:colcon.colcon_core.package_identification:_identify(src/rlcar_gazebo_controller) by extensions ['ros']
[0.286s] Level 1:colcon.colcon_core.package_identification:_identify(src/rlcar_gazebo_controller) by extension 'ros'
[0.287s] DEBUG:colcon.colcon_core.package_identification:Package 'src/rlcar_gazebo_controller' with type 'ros.ament_cmake' and name 'rlcar_gazebo_controller'
[0.287s] Level 1:colcon.colcon_core.package_identification:_identify(src/src_gazebo_controller) by extensions ['ignore', 'ignore_ament_install']
[0.287s] Level 1:colcon.colcon_core.package_identification:_identify(src/src_gazebo_controller) by extension 'ignore'
[0.287s] Level 1:colcon.colcon_core.package_identification:_identify(src/src_gazebo_controller) by extension 'ignore_ament_install'
[0.287s] Level 1:colcon.colcon_core.package_identification:_identify(src/src_gazebo_controller) by extensions ['colcon_pkg']
[0.287s] Level 1:colcon.colcon_core.package_identification:_identify(src/src_gazebo_controller) by extension 'colcon_pkg'
[0.287s] Level 1:colcon.colcon_core.package_identification:_identify(src/src_gazebo_controller) by extensions ['colcon_meta']
[0.287s] Level 1:colcon.colcon_core.package_identification:_identify(src/src_gazebo_controller) by extension 'colcon_meta'
[0.287s] Level 1:colcon.colcon_core.package_identification:_identify(src/src_gazebo_controller) by extensions ['ros']
[0.287s] Level 1:colcon.colcon_core.package_identification:_identify(src/src_gazebo_controller) by extension 'ros'
[0.287s] DEBUG:colcon.colcon_core.package_identification:Package 'src/src_gazebo_controller' with type 'ros.ament_python' and name 'src_gazebo_controller'
[0.287s] Level 1:colcon.colcon_core.package_discovery:discover_packages(recursive) using defaults
[0.287s] Level 1:colcon.colcon_core.package_discovery:discover_packages(ignore) discover
[0.287s] Level 1:colcon.colcon_core.package_discovery:discover_packages(ignore) using defaults
[0.287s] Level 1:colcon.colcon_core.package_discovery:discover_packages(path) discover
[0.288s] Level 1:colcon.colcon_core.package_discovery:discover_packages(path) using defaults
[0.303s] Level 1:colcon.colcon_core.package_discovery:discover_packages(prefix_path) check parameters
[0.303s] Level 1:colcon.colcon_core.package_discovery:discover_packages(prefix_path) discover
[0.305s] DEBUG:colcon.colcon_installed_package_information.package_discovery:Found 2 installed packages in /home/kaisar/robot_ws/install
[0.306s] DEBUG:colcon.colcon_installed_package_information.package_discovery:Found 0 installed packages in /home/kaisar/colcon_ws/install
[0.308s] DEBUG:colcon.colcon_installed_package_information.package_discovery:Found 399 installed packages in /opt/ros/foxy
[0.309s] Level 1:colcon.colcon_core.package_discovery:discover_packages(prefix_path) using defaults
[0.375s] Level 5:colcon.colcon_core.verb:set package 'articubot_one' build argument 'cmake_args' from command line to 'None'
[0.375s] Level 5:colcon.colcon_core.verb:set package 'articubot_one' build argument 'cmake_target' from command line to 'None'
[0.375s] Level 5:colcon.colcon_core.verb:set package 'articubot_one' build argument 'cmake_target_skip_unavailable' from command line to 'False'
[0.375s] Level 5:colcon.colcon_core.verb:set package 'articubot_one' build argument 'cmake_clean_cache' from command line to 'False'
[0.375s] Level 5:colcon.colcon_core.verb:set package 'articubot_one' build argument 'cmake_clean_first' from command line to 'False'
[0.375s] Level 5:colcon.colcon_core.verb:set package 'articubot_one' build argument 'cmake_force_configure' from command line to 'False'
[0.375s] Level 5:colcon.colcon_core.verb:set package 'articubot_one' build argument 'ament_cmake_args' from command line to 'None'
[0.375s] Level 5:colcon.colcon_core.verb:set package 'articubot_one' build argument 'catkin_cmake_args' from command line to 'None'
[0.375s] Level 5:colcon.colcon_core.verb:set package 'articubot_one' build argument 'catkin_skip_building_tests' from command line to 'False'
[0.375s] DEBUG:colcon.colcon_core.verb:Building package 'articubot_one' with the following arguments: {'ament_cmake_args': None, 'build_base': '/home/kaisar/robot_ws/build/articubot_one', 'catkin_cmake_args': None, 'catkin_skip_building_tests': False, 'cmake_args': None, 'cmake_clean_cache': False, 'cmake_clean_first': False, 'cmake_force_configure': False, 'cmake_target': None, 'cmake_target_skip_unavailable': False, 'install_base': '/home/kaisar/robot_ws/install/articubot_one', 'merge_install': False, 'path': '/home/kaisar/robot_ws/src/articubot_one', 'symlink_install': True, 'test_result_base': None}
[0.376s] Level 5:colcon.colcon_core.verb:set package 'rlcar_gazebo_controller' build argument 'cmake_args' from command line to 'None'
[0.376s] Level 5:colcon.colcon_core.verb:set package 'rlcar_gazebo_controller' build argument 'cmake_target' from command line to 'None'
[0.376s] Level 5:colcon.colcon_core.verb:set package 'rlcar_gazebo_controller' build argument 'cmake_target_skip_unavailable' from command line to 'False'
[0.376s] Level 5:colcon.colcon_core.verb:set package 'rlcar_gazebo_controller' build argument 'cmake_clean_cache' from command line to 'False'
[0.376s] Level 5:colcon.colcon_core.verb:set package 'rlcar_gazebo_controller' build argument 'cmake_clean_first' from command line to 'False'
[0.376s] Level 5:colcon.colcon_core.verb:set package 'rlcar_gazebo_controller' build argument 'cmake_force_configure' from command line to 'False'
[0.376s] Level 5:colcon.colcon_core.verb:set package 'rlcar_gazebo_controller' build argument 'ament_cmake_args' from command line to 'None'
[0.376s] Level 5:colcon.colcon_core.verb:set package 'rlcar_gazebo_controller' build argument 'catkin_cmake_args' from command line to 'None'
[0.376s] Level 5:colcon.colcon_core.verb:set package 'rlcar_gazebo_controller' build argument 'catkin_skip_building_tests' from command line to 'False'
[0.376s] DEBUG:colcon.colcon_core.verb:Building package 'rlcar_gazebo_controller' with the following arguments: {'ament_cmake_args': None, 'build_base': '/home/kaisar/robot_ws/build/rlcar_gazebo_controller', 'catkin_cmake_args': None, 'catkin_skip_building_tests': False, 'cmake_args': None, 'cmake_clean_cache': False, 'cmake_clean_first': False, 'cmake_force_configure': False, 'cmake_target': None, 'cmake_target_skip_unavailable': False, 'install_base': '/home/kaisar/robot_ws/install/rlcar_gazebo_controller', 'merge_install': False, 'path': '/home/kaisar/robot_ws/src/rlcar_gazebo_controller', 'symlink_install': True, 'test_result_base': None}
[0.377s] Level 5:colcon.colcon_core.verb:set package 'src_gazebo_controller' build argument 'cmake_args' from command line to 'None'
[0.377s] Level 5:colcon.colcon_core.verb:set package 'src_gazebo_controller' build argument 'cmake_target' from command line to 'None'
[0.377s] Level 5:colcon.colcon_core.verb:set package 'src_gazebo_controller' build argument 'cmake_target_skip_unavailable' from command line to 'False'
[0.377s] Level 5:colcon.colcon_core.verb:set package 'src_gazebo_controller' build argument 'cmake_clean_cache' from command line to 'False'
[0.377s] Level 5:colcon.colcon_core.verb:set package 'src_gazebo_controller' build argument 'cmake_clean_first' from command line to 'False'
[0.377s] Level 5:colcon.colcon_core.verb:set package 'src_gazebo_controller' build argument 'cmake_force_configure' from command line to 'False'
[0.377s] Level 5:colcon.colcon_core.verb:set package 'src_gazebo_controller' build argument 'ament_cmake_args' from command line to 'None'
[0.377s] Level 5:colcon.colcon_core.verb:set package 'src_gazebo_controller' build argument 'catkin_cmake_args' from command line to 'None'
[0.377s] Level 5:colcon.colcon_core.verb:set package 'src_gazebo_controller' build argument 'catkin_skip_building_tests' from command line to 'False'
[0.377s] DEBUG:colcon.colcon_core.verb:Building package 'src_gazebo_controller' with the following arguments: {'ament_cmake_args': None, 'build_base': '/home/kaisar/robot_ws/build/src_gazebo_controller', 'catkin_cmake_args': None, 'catkin_skip_building_tests': False, 'cmake_args': None, 'cmake_clean_cache': False, 'cmake_clean_first': False, 'cmake_force_configure': False, 'cmake_target': None, 'cmake_target_skip_unavailable': False, 'install_base': '/home/kaisar/robot_ws/install/src_gazebo_controller', 'merge_install': False, 'path': '/home/kaisar/robot_ws/src/src_gazebo_controller', 'symlink_install': True, 'test_result_base': None}
[0.377s] INFO:colcon.colcon_core.executor:Executing jobs using 'parallel' executor
[0.380s] DEBUG:colcon.colcon_parallel_executor.executor.parallel:run_until_complete
[0.380s] INFO:colcon.colcon_ros.task.ament_cmake.build:Building ROS package in '/home/kaisar/robot_ws/src/articubot_one' with build type 'ament_cmake'
[0.380s] INFO:colcon.colcon_cmake.task.cmake.build:Building CMake package in '/home/kaisar/robot_ws/src/articubot_one'
[0.384s] INFO:colcon.colcon_core.plugin_system:Skipping extension 'colcon_core.shell.bat': Not used on non-Windows systems
[0.384s] INFO:colcon.colcon_core.shell:Skip shell extension 'powershell' for command environment: Not usable outside of PowerShell
[0.384s] DEBUG:colcon.colcon_core.shell:Skip shell extension 'dsv' for command environment
[0.391s] INFO:colcon.colcon_ros.task.ament_cmake.build:Building ROS package in '/home/kaisar/robot_ws/src/rlcar_gazebo_controller' with build type 'ament_cmake'
[0.391s] INFO:colcon.colcon_cmake.task.cmake.build:Building CMake package in '/home/kaisar/robot_ws/src/rlcar_gazebo_controller'
[0.393s] INFO:colcon.colcon_core.shell:Skip shell extension 'powershell' for command environment: Not usable outside of PowerShell
[0.393s] DEBUG:colcon.colcon_core.shell:Skip shell extension 'dsv' for command environment
[0.400s] INFO:colcon.colcon_ros.task.ament_python.build:Building ROS package in '/home/kaisar/robot_ws/src/src_gazebo_controller' with build type 'ament_python'
[0.400s] Level 1:colcon.colcon_core.shell:create_environment_hook('src_gazebo_controller', 'ament_prefix_path')
[0.402s] INFO:colcon.colcon_core.shell:Creating environment hook '/home/kaisar/robot_ws/install/src_gazebo_controller/share/src_gazebo_controller/hook/ament_prefix_path.ps1'
[0.403s] INFO:colcon.colcon_core.shell:Creating environment descriptor '/home/kaisar/robot_ws/install/src_gazebo_controller/share/src_gazebo_controller/hook/ament_prefix_path.dsv'
[0.404s] INFO:colcon.colcon_core.shell:Creating environment hook '/home/kaisar/robot_ws/install/src_gazebo_controller/share/src_gazebo_controller/hook/ament_prefix_path.sh'
[0.405s] INFO:colcon.colcon_core.shell:Skip shell extension 'powershell' for command environment: Not usable outside of PowerShell
[0.405s] DEBUG:colcon.colcon_core.shell:Skip shell extension 'dsv' for command environment
[0.417s] DEBUG:colcon.colcon_core.event_handler.log_command:Invoking command in '/home/kaisar/robot_ws/build/articubot_one': CMAKE_PREFIX_PATH=${CMAKE_PREFIX_PATH}:/opt/ros/foxy /usr/bin/cmake --build /home/kaisar/robot_ws/build/articubot_one -- -j12 -l12
[0.422s] DEBUG:colcon.colcon_core.event_handler.log_command:Invoking command in '/home/kaisar/robot_ws/build/rlcar_gazebo_controller': CMAKE_PREFIX_PATH=${CMAKE_PREFIX_PATH}:/opt/ros/foxy /usr/bin/cmake /home/kaisar/robot_ws/src/rlcar_gazebo_controller -DAMENT_CMAKE_SYMLINK_INSTALL=1 -DCMAKE_INSTALL_PREFIX=/home/kaisar/robot_ws/install/rlcar_gazebo_controller
[0.618s] INFO:colcon.colcon_core.task.python.build:Building Python package in '/home/kaisar/robot_ws/src/src_gazebo_controller'
[0.619s] INFO:colcon.colcon_core.shell:Skip shell extension 'powershell' for command environment: Not usable outside of PowerShell
[0.619s] DEBUG:colcon.colcon_core.shell:Skip shell extension 'dsv' for command environment
[0.631s] DEBUG:colcon.colcon_core.event_handler.log_command:Invoked command in '/home/kaisar/robot_ws/build/articubot_one' returned '0': CMAKE_PREFIX_PATH=${CMAKE_PREFIX_PATH}:/opt/ros/foxy /usr/bin/cmake --build /home/kaisar/robot_ws/build/articubot_one -- -j12 -l12
[0.669s] DEBUG:colcon.colcon_core.event_handler.log_command:Invoking command in '/home/kaisar/robot_ws/build/articubot_one': CMAKE_PREFIX_PATH=${CMAKE_PREFIX_PATH}:/opt/ros/foxy /usr/bin/cmake --install /home/kaisar/robot_ws/build/articubot_one
[0.697s] Level 1:colcon.colcon_core.environment:create_environment_scripts_only(articubot_one)
[0.698s] DEBUG:colcon.colcon_core.event_handler.log_command:Invoked command in '/home/kaisar/robot_ws/build/articubot_one' returned '0': CMAKE_PREFIX_PATH=${CMAKE_PREFIX_PATH}:/opt/ros/foxy /usr/bin/cmake --install /home/kaisar/robot_ws/build/articubot_one
[0.706s] Level 1:colcon.colcon_core.environment:checking '/home/kaisar/robot_ws/install/articubot_one' for CMake module files
[0.708s] Level 1:colcon.colcon_core.environment:checking '/home/kaisar/robot_ws/install/articubot_one' for CMake config files
[0.708s] Level 1:colcon.colcon_core.shell:create_environment_hook('articubot_one', 'cmake_prefix_path')
[0.709s] INFO:colcon.colcon_core.shell:Creating environment hook '/home/kaisar/robot_ws/install/articubot_one/share/articubot_one/hook/cmake_prefix_path.ps1'
[0.710s] INFO:colcon.colcon_core.shell:Creating environment descriptor '/home/kaisar/robot_ws/install/articubot_one/share/articubot_one/hook/cmake_prefix_path.dsv'
[0.710s] INFO:colcon.colcon_core.shell:Creating environment hook '/home/kaisar/robot_ws/install/articubot_one/share/articubot_one/hook/cmake_prefix_path.sh'
[0.711s] Level 1:colcon.colcon_core.environment:checking '/home/kaisar/robot_ws/install/articubot_one/bin'
[0.711s] Level 1:colcon.colcon_core.environment:checking '/home/kaisar/robot_ws/install/articubot_one/lib/pkgconfig/articubot_one.pc'
[0.711s] Level 1:colcon.colcon_core.environment:checking '/home/kaisar/robot_ws/install/articubot_one/lib/python3.8/site-packages'
[0.711s] Level 1:colcon.colcon_core.environment:checking '/home/kaisar/robot_ws/install/articubot_one/bin'
[0.713s] INFO:colcon.colcon_core.shell:Creating package script '/home/kaisar/robot_ws/install/articubot_one/share/articubot_one/package.ps1'
[0.713s] INFO:colcon.colcon_core.shell:Creating package descriptor '/home/kaisar/robot_ws/install/articubot_one/share/articubot_one/package.dsv'
[0.714s] INFO:colcon.colcon_core.shell:Creating package script '/home/kaisar/robot_ws/install/articubot_one/share/articubot_one/package.sh'
[0.714s] INFO:colcon.colcon_core.shell:Creating package script '/home/kaisar/robot_ws/install/articubot_one/share/articubot_one/package.bash'
[0.715s] INFO:colcon.colcon_core.shell:Creating package script '/home/kaisar/robot_ws/install/articubot_one/share/articubot_one/package.zsh'
[0.715s] Level 1:colcon.colcon_core.environment:create_file_with_runtime_dependencies(/home/kaisar/robot_ws/install/articubot_one/share/colcon-core/packages/articubot_one)
[0.738s] Level 1:colcon.colcon_core.environment:create_environment_scripts_only(articubot_one)
[0.742s] Level 1:colcon.colcon_core.environment:checking '/home/kaisar/robot_ws/install/articubot_one' for CMake module files
[0.743s] Level 1:colcon.colcon_core.environment:checking '/home/kaisar/robot_ws/install/articubot_one' for CMake config files
[0.743s] Level 1:colcon.colcon_core.shell:create_environment_hook('articubot_one', 'cmake_prefix_path')
[0.745s] INFO:colcon.colcon_core.shell:Creating environment hook '/home/kaisar/robot_ws/install/articubot_one/share/articubot_one/hook/cmake_prefix_path.ps1'
[0.746s] INFO:colcon.colcon_core.shell:Creating environment descriptor '/home/kaisar/robot_ws/install/articubot_one/share/articubot_one/hook/cmake_prefix_path.dsv'
[0.747s] INFO:colcon.colcon_core.shell:Creating environment hook '/home/kaisar/robot_ws/install/articubot_one/share/articubot_one/hook/cmake_prefix_path.sh'
[0.747s] Level 1:colcon.colcon_core.environment:checking '/home/kaisar/robot_ws/install/articubot_one/bin'
[0.748s] Level 1:colcon.colcon_core.environment:checking '/home/kaisar/robot_ws/install/articubot_one/lib/pkgconfig/articubot_one.pc'
[0.748s] Level 1:colcon.colcon_core.environment:checking '/home/kaisar/robot_ws/install/articubot_one/lib/python3.8/site-packages'
[0.748s] Level 1:colcon.colcon_core.environment:checking '/home/kaisar/robot_ws/install/articubot_one/bin'
[0.749s] INFO:colcon.colcon_core.shell:Creating package script '/home/kaisar/robot_ws/install/articubot_one/share/articubot_one/package.ps1'
[0.750s] INFO:colcon.colcon_core.shell:Creating package descriptor '/home/kaisar/robot_ws/install/articubot_one/share/articubot_one/package.dsv'
[0.750s] INFO:colcon.colcon_core.shell:Creating package script '/home/kaisar/robot_ws/install/articubot_one/share/articubot_one/package.sh'
[0.750s] INFO:colcon.colcon_core.shell:Creating package script '/home/kaisar/robot_ws/install/articubot_one/share/articubot_one/package.bash'
[0.751s] INFO:colcon.colcon_core.shell:Creating package script '/home/kaisar/robot_ws/install/articubot_one/share/articubot_one/package.zsh'
[0.751s] Level 1:colcon.colcon_core.environment:create_file_with_runtime_dependencies(/home/kaisar/robot_ws/install/articubot_one/share/colcon-core/packages/articubot_one)
[1.016s] DEBUG:colcon.colcon_core.event_handler.log_command:Invoking command in '/home/kaisar/robot_ws/build/src_gazebo_controller': PYTHONPATH=/home/kaisar/robot_ws/build/src_gazebo_controller/prefix_override:/home/kaisar/robot_ws/install/src_gazebo_controller/lib/python3.8/site-packages:${PYTHONPATH} /usr/bin/python3 setup.py develop --editable --build-directory /home/kaisar/robot_ws/build/src_gazebo_controller/build --no-deps install_data
[1.392s] Level 1:colcon.colcon_core.shell:create_environment_hook('src_gazebo_controller', 'pythonpath_develop')
[1.395s] INFO:colcon.colcon_core.shell:Creating environment hook '/home/kaisar/robot_ws/build/src_gazebo_controller/share/src_gazebo_controller/hook/pythonpath_develop.ps1'
[1.396s] DEBUG:colcon.colcon_core.event_handler.log_command:Invoked command in '/home/kaisar/robot_ws/build/src_gazebo_controller' returned '0': PYTHONPATH=/home/kaisar/robot_ws/build/src_gazebo_controller/prefix_override:/home/kaisar/robot_ws/install/src_gazebo_controller/lib/python3.8/site-packages:${PYTHONPATH} /usr/bin/python3 setup.py develop --editable --build-directory /home/kaisar/robot_ws/build/src_gazebo_controller/build --no-deps install_data
[1.396s] INFO:colcon.colcon_core.shell:Creating environment descriptor '/home/kaisar/robot_ws/build/src_gazebo_controller/share/src_gazebo_controller/hook/pythonpath_develop.dsv'
[1.397s] INFO:colcon.colcon_core.shell:Creating environment hook '/home/kaisar/robot_ws/build/src_gazebo_controller/share/src_gazebo_controller/hook/pythonpath_develop.sh'
[1.401s] Level 1:colcon.colcon_core.environment:checking '/home/kaisar/robot_ws/install/src_gazebo_controller' for CMake module files
[1.401s] Level 1:colcon.colcon_core.environment:checking '/home/kaisar/robot_ws/install/src_gazebo_controller' for CMake config files
[1.402s] Level 1:colcon.colcon_core.environment:checking '/home/kaisar/robot_ws/install/src_gazebo_controller/lib'
[1.402s] Level 1:colcon.colcon_core.environment:checking '/home/kaisar/robot_ws/install/src_gazebo_controller/bin'
[1.403s] Level 1:colcon.colcon_core.environment:checking '/home/kaisar/robot_ws/install/src_gazebo_controller/lib/pkgconfig/src_gazebo_controller.pc'
[1.403s] Level 1:colcon.colcon_core.environment:checking '/home/kaisar/robot_ws/install/src_gazebo_controller/lib/python3.8/site-packages'
[1.403s] Level 1:colcon.colcon_core.shell:create_environment_hook('src_gazebo_controller', 'pythonpath')
[1.404s] INFO:colcon.colcon_core.shell:Creating environment hook '/home/kaisar/robot_ws/install/src_gazebo_controller/share/src_gazebo_controller/hook/pythonpath.ps1'
[1.405s] INFO:colcon.colcon_core.shell:Creating environment descriptor '/home/kaisar/robot_ws/install/src_gazebo_controller/share/src_gazebo_controller/hook/pythonpath.dsv'
[1.405s] INFO:colcon.colcon_core.shell:Creating environment hook '/home/kaisar/robot_ws/install/src_gazebo_controller/share/src_gazebo_controller/hook/pythonpath.sh'
[1.406s] Level 1:colcon.colcon_core.environment:checking '/home/kaisar/robot_ws/install/src_gazebo_controller/bin'
[1.406s] Level 1:colcon.colcon_core.environment:create_environment_scripts_only(src_gazebo_controller)
[1.407s] INFO:colcon.colcon_core.shell:Creating package script '/home/kaisar/robot_ws/install/src_gazebo_controller/share/src_gazebo_controller/package.ps1'
[1.407s] INFO:colcon.colcon_core.shell:Creating package descriptor '/home/kaisar/robot_ws/install/src_gazebo_controller/share/src_gazebo_controller/package.dsv'
[1.408s] INFO:colcon.colcon_core.shell:Creating package script '/home/kaisar/robot_ws/install/src_gazebo_controller/share/src_gazebo_controller/package.sh'
[1.408s] INFO:colcon.colcon_core.shell:Creating package script '/home/kaisar/robot_ws/install/src_gazebo_controller/share/src_gazebo_controller/package.bash'
[1.408s] INFO:colcon.colcon_core.shell:Creating package script '/home/kaisar/robot_ws/install/src_gazebo_controller/share/src_gazebo_controller/package.zsh'
[1.409s] Level 1:colcon.colcon_core.environment:create_file_with_runtime_dependencies(/home/kaisar/robot_ws/install/src_gazebo_controller/share/colcon-core/packages/src_gazebo_controller)
[2.191s] DEBUG:colcon.colcon_core.event_handler.log_command:Invoked command in '/home/kaisar/robot_ws/build/rlcar_gazebo_controller' returned '0': CMAKE_PREFIX_PATH=${CMAKE_PREFIX_PATH}:/opt/ros/foxy /usr/bin/cmake /home/kaisar/robot_ws/src/rlcar_gazebo_controller -DAMENT_CMAKE_SYMLINK_INSTALL=1 -DCMAKE_INSTALL_PREFIX=/home/kaisar/robot_ws/install/rlcar_gazebo_controller
[2.193s] DEBUG:colcon.colcon_core.event_handler.log_command:Invoking command in '/home/kaisar/robot_ws/build/rlcar_gazebo_controller': CMAKE_PREFIX_PATH=${CMAKE_PREFIX_PATH}:/opt/ros/foxy /usr/bin/cmake --build /home/kaisar/robot_ws/build/rlcar_gazebo_controller -- -j12 -l12
[7.096s] DEBUG:colcon.colcon_core.event_handler.log_command:Invoked command in '/home/kaisar/robot_ws/build/rlcar_gazebo_controller' returned '0': CMAKE_PREFIX_PATH=${CMAKE_PREFIX_PATH}:/opt/ros/foxy /usr/bin/cmake --build /home/kaisar/robot_ws/build/rlcar_gazebo_controller -- -j12 -l12
[7.137s] DEBUG:colcon.colcon_core.event_handler.log_command:Invoking command in '/home/kaisar/robot_ws/build/rlcar_gazebo_controller': CMAKE_PREFIX_PATH=${CMAKE_PREFIX_PATH}:/opt/ros/foxy /usr/bin/cmake --install /home/kaisar/robot_ws/build/rlcar_gazebo_controller
[7.327s] Level 1:colcon.colcon_core.environment:create_environment_scripts_only(rlcar_gazebo_controller)
[7.332s] Level 1:colcon.colcon_core.environment:checking '/home/kaisar/robot_ws/install/rlcar_gazebo_controller' for CMake module files
[7.332s] DEBUG:colcon.colcon_core.event_handler.log_command:Invoked command in '/home/kaisar/robot_ws/build/rlcar_gazebo_controller' returned '0': CMAKE_PREFIX_PATH=${CMAKE_PREFIX_PATH}:/opt/ros/foxy /usr/bin/cmake --install /home/kaisar/robot_ws/build/rlcar_gazebo_controller
[7.333s] Level 1:colcon.colcon_core.environment:checking '/home/kaisar/robot_ws/install/rlcar_gazebo_controller' for CMake config files
[7.334s] Level 1:colcon.colcon_core.shell:create_environment_hook('rlcar_gazebo_controller', 'cmake_prefix_path')
[7.336s] INFO:colcon.colcon_core.shell:Creating environment hook '/home/kaisar/robot_ws/install/rlcar_gazebo_controller/share/rlcar_gazebo_controller/hook/cmake_prefix_path.ps1'
[7.337s] INFO:colcon.colcon_core.shell:Creating environment descriptor '/home/kaisar/robot_ws/install/rlcar_gazebo_controller/share/rlcar_gazebo_controller/hook/cmake_prefix_path.dsv'
[7.337s] INFO:colcon.colcon_core.shell:Creating environment hook '/home/kaisar/robot_ws/install/rlcar_gazebo_controller/share/rlcar_gazebo_controller/hook/cmake_prefix_path.sh'
[7.338s] Level 1:colcon.colcon_core.environment:checking '/home/kaisar/robot_ws/install/rlcar_gazebo_controller/lib'
[7.338s] Level 1:colcon.colcon_core.environment:checking '/home/kaisar/robot_ws/install/rlcar_gazebo_controller/bin'
[7.338s] Level 1:colcon.colcon_core.environment:checking '/home/kaisar/robot_ws/install/rlcar_gazebo_controller/lib/pkgconfig/rlcar_gazebo_controller.pc'
[7.339s] Level 1:colcon.colcon_core.environment:checking '/home/kaisar/robot_ws/install/rlcar_gazebo_controller/lib/python3.8/site-packages'
[7.339s] Level 1:colcon.colcon_core.environment:checking '/home/kaisar/robot_ws/install/rlcar_gazebo_controller/bin'
[7.341s] INFO:colcon.colcon_core.shell:Creating package script '/home/kaisar/robot_ws/install/rlcar_gazebo_controller/share/rlcar_gazebo_controller/package.ps1'
[7.341s] INFO:colcon.colcon_core.shell:Creating package descriptor '/home/kaisar/robot_ws/install/rlcar_gazebo_controller/share/rlcar_gazebo_controller/package.dsv'
[7.342s] INFO:colcon.colcon_core.shell:Creating package script '/home/kaisar/robot_ws/install/rlcar_gazebo_controller/share/rlcar_gazebo_controller/package.sh'
[7.342s] INFO:colcon.colcon_core.shell:Creating package script '/home/kaisar/robot_ws/install/rlcar_gazebo_controller/share/rlcar_gazebo_controller/package.bash'
[7.342s] INFO:colcon.colcon_core.shell:Creating package script '/home/kaisar/robot_ws/install/rlcar_gazebo_controller/share/rlcar_gazebo_controller/package.zsh'
[7.342s] Level 1:colcon.colcon_core.environment:create_file_with_runtime_dependencies(/home/kaisar/robot_ws/install/rlcar_gazebo_controller/share/colcon-core/packages/rlcar_gazebo_controller)
[7.370s] Level 1:colcon.colcon_core.environment:create_environment_scripts_only(rlcar_gazebo_controller)
[7.373s] Level 1:colcon.colcon_core.environment:checking '/home/kaisar/robot_ws/install/rlcar_gazebo_controller' for CMake module files
[7.373s] Level 1:colcon.colcon_core.environment:checking '/home/kaisar/robot_ws/install/rlcar_gazebo_controller' for CMake config files
[7.373s] Level 1:colcon.colcon_core.shell:create_environment_hook('rlcar_gazebo_controller', 'cmake_prefix_path')
[7.374s] INFO:colcon.colcon_core.shell:Creating environment hook '/home/kaisar/robot_ws/install/rlcar_gazebo_controller/share/rlcar_gazebo_controller/hook/cmake_prefix_path.ps1'
[7.375s] INFO:colcon.colcon_core.shell:Creating environment descriptor '/home/kaisar/robot_ws/install/rlcar_gazebo_controller/share/rlcar_gazebo_controller/hook/cmake_prefix_path.dsv'
[7.375s] INFO:colcon.colcon_core.shell:Creating environment hook '/home/kaisar/robot_ws/install/rlcar_gazebo_controller/share/rlcar_gazebo_controller/hook/cmake_prefix_path.sh'
[7.375s] Level 1:colcon.colcon_core.environment:checking '/home/kaisar/robot_ws/install/rlcar_gazebo_controller/lib'
[7.375s] Level 1:colcon.colcon_core.environment:checking '/home/kaisar/robot_ws/install/rlcar_gazebo_controller/bin'
[7.375s] Level 1:colcon.colcon_core.environment:checking '/home/kaisar/robot_ws/install/rlcar_gazebo_controller/lib/pkgconfig/rlcar_gazebo_controller.pc'
[7.375s] Level 1:colcon.colcon_core.environment:checking '/home/kaisar/robot_ws/install/rlcar_gazebo_controller/lib/python3.8/site-packages'
[7.376s] Level 1:colcon.colcon_core.environment:checking '/home/kaisar/robot_ws/install/rlcar_gazebo_controller/bin'
[7.377s] INFO:colcon.colcon_core.shell:Creating package script '/home/kaisar/robot_ws/install/rlcar_gazebo_controller/share/rlcar_gazebo_controller/package.ps1'
[7.377s] INFO:colcon.colcon_core.shell:Creating package descriptor '/home/kaisar/robot_ws/install/rlcar_gazebo_controller/share/rlcar_gazebo_controller/package.dsv'
[7.377s] INFO:colcon.colcon_core.shell:Creating package script '/home/kaisar/robot_ws/install/rlcar_gazebo_controller/share/rlcar_gazebo_controller/package.sh'
[7.378s] INFO:colcon.colcon_core.shell:Creating package script '/home/kaisar/robot_ws/install/rlcar_gazebo_controller/share/rlcar_gazebo_controller/package.bash'
[7.378s] INFO:colcon.colcon_core.shell:Creating package script '/home/kaisar/robot_ws/install/rlcar_gazebo_controller/share/rlcar_gazebo_controller/package.zsh'
[7.378s] Level 1:colcon.colcon_core.environment:create_file_with_runtime_dependencies(/home/kaisar/robot_ws/install/rlcar_gazebo_controller/share/colcon-core/packages/rlcar_gazebo_controller)
[7.378s] DEBUG:colcon.colcon_parallel_executor.executor.parallel:closing loop
[7.379s] DEBUG:colcon.colcon_parallel_executor.executor.parallel:loop closed
[7.379s] DEBUG:colcon.colcon_parallel_executor.executor.parallel:run_until_complete finished with '0'
[7.379s] DEBUG:colcon.colcon_core.event_reactor:joining thread
[7.389s] INFO:colcon.colcon_core.plugin_system:Skipping extension 'colcon_notification.desktop_notification.terminal_notifier': Not used on non-Darwin systems
[7.389s] INFO:colcon.colcon_core.plugin_system:Skipping extension 'colcon_notification.desktop_notification.win32': Not used on non-Windows systems
[7.389s] INFO:colcon.colcon_notification.desktop_notification:Sending desktop notification using 'notify2'
[7.411s] DEBUG:colcon.colcon_core.event_reactor:joined thread
[7.414s] INFO:colcon.colcon_core.shell:Creating prefix script '/home/kaisar/robot_ws/install/local_setup.ps1'
[7.416s] INFO:colcon.colcon_core.shell:Creating prefix util module '/home/kaisar/robot_ws/install/_local_setup_util_ps1.py'
[7.419s] INFO:colcon.colcon_core.shell:Creating prefix chain script '/home/kaisar/robot_ws/install/setup.ps1'
[7.421s] INFO:colcon.colcon_core.shell:Creating prefix script '/home/kaisar/robot_ws/install/local_setup.sh'
[7.421s] INFO:colcon.colcon_core.shell:Creating prefix util module '/home/kaisar/robot_ws/install/_local_setup_util_sh.py'
[7.421s] INFO:colcon.colcon_core.shell:Creating prefix chain script '/home/kaisar/robot_ws/install/setup.sh'
[7.422s] INFO:colcon.colcon_core.shell:Creating prefix script '/home/kaisar/robot_ws/install/local_setup.bash'
[7.423s] INFO:colcon.colcon_core.shell:Creating prefix chain script '/home/kaisar/robot_ws/install/setup.bash'
[7.424s] INFO:colcon.colcon_core.shell:Creating prefix script '/home/kaisar/robot_ws/install/local_setup.zsh'
[7.424s] INFO:colcon.colcon_core.shell:Creating prefix chain script '/home/kaisar/robot_ws/install/setup.zsh'
