[0.015s] Invoking command in '/home/kaisar/robot_ws/build/articubot_one': CMAKE_PREFIX_PATH=${CMAKE_PREFIX_PATH}:/opt/ros/foxy /usr/bin/cmake /home/kaisar/robot_ws/src/articubot_one -DAMENT_CMAKE_SYMLINK_INSTALL=1 -DCMAKE_INSTALL_PREFIX=/home/kaisar/robot_ws/install/articubot_one
[0.095s] -- The C compiler identification is GNU 9.4.0
[0.161s] -- The CXX compiler identification is GNU 9.4.0
[0.168s] -- Check for working C compiler: /usr/bin/cc
[0.252s] -- Check for working C compiler: /usr/bin/cc -- works
[0.254s] -- Detecting C compiler ABI info
[0.349s] -- Detecting C compiler ABI info - done
[0.365s] -- Detecting C compile features
[0.365s] -- Detecting C compile features - done
[0.367s] -- Check for working CXX compiler: /usr/bin/c++
[0.458s] -- Check for working CXX compiler: /usr/bin/c++ -- works
[0.459s] -- Detecting CXX compiler ABI info
[0.556s] -- Detecting CXX compiler ABI info - done
[0.570s] -- Detecting CXX compile features
[0.571s] -- Detecting CXX compile features - done
[0.572s] -- Found ament_cmake: 0.9.12 (/opt/ros/foxy/share/ament_cmake/cmake)
[0.602s] -- Found PythonInterp: /usr/bin/python3 (found suitable version "3.8.10", minimum required is "3") 
[0.602s] -- Using PYTHON_EXECUTABLE: /usr/bin/python3
[0.746s] -- Override CMake install command with custom implementation using symlinks instead of copying resources
[0.784s] -- Found ament_lint_auto: 0.9.8 (/opt/ros/foxy/share/ament_lint_auto/cmake)
[0.851s] -- Added test 'copyright' to check source files copyright and LICENSE
[0.852s] -- Added test 'flake8' to check Python code syntax and style conventions
[0.852s] -- Added test 'lint_cmake' to check CMake code style
[0.853s] -- Added test 'pep257' to check Python code against some of the style conventions in PEP 257
[0.853s] -- Added test 'xmllint' to check XML markup files
[0.855s] -- Configuring done
[0.856s] -- Generating done
[0.857s] -- Build files have been written to: /home/kaisar/robot_ws/build/articubot_one
[0.860s] Invoked command in '/home/kaisar/robot_ws/build/articubot_one' returned '0': CMAKE_PREFIX_PATH=${CMAKE_PREFIX_PATH}:/opt/ros/foxy /usr/bin/cmake /home/kaisar/robot_ws/src/articubot_one -DAMENT_CMAKE_SYMLINK_INSTALL=1 -DCMAKE_INSTALL_PREFIX=/home/kaisar/robot_ws/install/articubot_one
[0.863s] Invoking command in '/home/kaisar/robot_ws/build/articubot_one': CMAKE_PREFIX_PATH=${CMAKE_PREFIX_PATH}:/opt/ros/foxy /usr/bin/cmake --build /home/kaisar/robot_ws/build/articubot_one -- -j12 -l12
[0.899s] Invoked command in '/home/kaisar/robot_ws/build/articubot_one' returned '0': CMAKE_PREFIX_PATH=${CMAKE_PREFIX_PATH}:/opt/ros/foxy /usr/bin/cmake --build /home/kaisar/robot_ws/build/articubot_one -- -j12 -l12
[0.929s] Invoking command in '/home/kaisar/robot_ws/build/articubot_one': CMAKE_PREFIX_PATH=${CMAKE_PREFIX_PATH}:/opt/ros/foxy /usr/bin/cmake --install /home/kaisar/robot_ws/build/articubot_one
[0.941s] -- Install configuration: ""
[0.941s] -- Execute custom install script
[0.942s] -- Symlinking: /home/kaisar/robot_ws/install/articubot_one/share/articubot_one/config/view_bot.rviz
[0.956s] -- Symlinking: /home/kaisar/robot_ws/install/articubot_one/share/articubot_one/description/inertial_macros.xacro
[0.964s] -- Symlinking: /home/kaisar/robot_ws/install/articubot_one/share/articubot_one/description/robot.urdf.xacro
[0.971s] -- Symlinking: /home/kaisar/robot_ws/install/articubot_one/share/articubot_one/description/robot_core.xacro
[0.979s] -- Symlinking: /home/kaisar/robot_ws/install/articubot_one/share/articubot_one/launch/rsp.launch.py
[0.987s] -- Symlinking: /home/kaisar/robot_ws/install/articubot_one/share/articubot_one/worlds/empty.world
[0.994s] -- Symlinking: /home/kaisar/robot_ws/install/articubot_one/share/ament_index/resource_index/package_run_dependencies/articubot_one
[1.006s] -- Symlinking: /home/kaisar/robot_ws/install/articubot_one/share/ament_index/resource_index/parent_prefix_path/articubot_one
[1.018s] -- Symlinking: /home/kaisar/robot_ws/install/articubot_one/share/articubot_one/environment/ament_prefix_path.sh
[1.025s] -- Symlinking: /home/kaisar/robot_ws/install/articubot_one/share/articubot_one/environment/ament_prefix_path.dsv
[1.040s] -- Symlinking: /home/kaisar/robot_ws/install/articubot_one/share/articubot_one/environment/path.sh
[1.048s] -- Symlinking: /home/kaisar/robot_ws/install/articubot_one/share/articubot_one/environment/path.dsv
[1.056s] -- Symlinking: /home/kaisar/robot_ws/install/articubot_one/share/articubot_one/local_setup.bash
[1.064s] -- Symlinking: /home/kaisar/robot_ws/install/articubot_one/share/articubot_one/local_setup.sh
[1.072s] -- Symlinking: /home/kaisar/robot_ws/install/articubot_one/share/articubot_one/local_setup.zsh
[1.080s] -- Symlinking: /home/kaisar/robot_ws/install/articubot_one/share/articubot_one/local_setup.dsv
[1.088s] -- Symlinking: /home/kaisar/robot_ws/install/articubot_one/share/articubot_one/package.dsv
[1.096s] -- Symlinking: /home/kaisar/robot_ws/install/articubot_one/share/ament_index/resource_index/packages/articubot_one
[1.105s] -- Symlinking: /home/kaisar/robot_ws/install/articubot_one/share/articubot_one/cmake/articubot_oneConfig.cmake
[1.113s] -- Symlinking: /home/kaisar/robot_ws/install/articubot_one/share/articubot_one/cmake/articubot_oneConfig-version.cmake
[1.120s] -- Symlinking: /home/kaisar/robot_ws/install/articubot_one/share/articubot_one/package.xml
[1.132s] Invoked command in '/home/kaisar/robot_ws/build/articubot_one' returned '0': CMAKE_PREFIX_PATH=${CMAKE_PREFIX_PATH}:/opt/ros/foxy /usr/bin/cmake --install /home/kaisar/robot_ws/build/articubot_one
