[0.016s] Invoking command in '/home/kaisar/robot_ws/build/articubot_one': CMAKE_PREFIX_PATH=${CMAKE_PREFIX_PATH}:/opt/ros/foxy /usr/bin/cmake --build /home/kaisar/robot_ws/build/articubot_one -- -j12 -l12
[0.055s] Invoked command in '/home/kaisar/robot_ws/build/articubot_one' returned '0': CMAKE_PREFIX_PATH=${CMAKE_PREFIX_PATH}:/opt/ros/foxy /usr/bin/cmake --build /home/kaisar/robot_ws/build/articubot_one -- -j12 -l12
[0.094s] Invoking command in '/home/kaisar/robot_ws/build/articubot_one': CMAKE_PREFIX_PATH=${CMAKE_PREFIX_PATH}:/opt/ros/foxy /usr/bin/cmake --install /home/kaisar/robot_ws/build/articubot_one
[0.107s] -- Install configuration: ""
[0.108s] -- Execute custom install script
[0.109s] -- Up-to-date symlink: /home/kaisar/robot_ws/install/articubot_one/share/articubot_one/config/view_bot.rviz
[0.109s] -- Up-to-date symlink: /home/kaisar/robot_ws/install/articubot_one/share/articubot_one/description/inertial_macros.xacro
[0.109s] -- Up-to-date symlink: /home/kaisar/robot_ws/install/articubot_one/share/articubot_one/description/robot.urdf.xacro
[0.110s] -- Up-to-date symlink: /home/kaisar/robot_ws/install/articubot_one/share/articubot_one/description/robot_core.xacro
[0.110s] -- Up-to-date symlink: /home/kaisar/robot_ws/install/articubot_one/share/articubot_one/launch/rsp.launch.py
[0.111s] -- Up-to-date symlink: /home/kaisar/robot_ws/install/articubot_one/share/articubot_one/worlds/empty.world
[0.111s] -- Up-to-date symlink: /home/kaisar/robot_ws/install/articubot_one/share/ament_index/resource_index/package_run_dependencies/articubot_one
[0.112s] -- Up-to-date symlink: /home/kaisar/robot_ws/install/articubot_one/share/ament_index/resource_index/parent_prefix_path/articubot_one
[0.112s] -- Up-to-date symlink: /home/kaisar/robot_ws/install/articubot_one/share/articubot_one/environment/ament_prefix_path.sh
[0.113s] -- Up-to-date symlink: /home/kaisar/robot_ws/install/articubot_one/share/articubot_one/environment/ament_prefix_path.dsv
[0.113s] -- Up-to-date symlink: /home/kaisar/robot_ws/install/articubot_one/share/articubot_one/environment/path.sh
[0.113s] -- Up-to-date symlink: /home/kaisar/robot_ws/install/articubot_one/share/articubot_one/environment/path.dsv
[0.114s] -- Up-to-date symlink: /home/kaisar/robot_ws/install/articubot_one/share/articubot_one/local_setup.bash
[0.114s] -- Up-to-date symlink: /home/kaisar/robot_ws/install/articubot_one/share/articubot_one/local_setup.sh
[0.114s] -- Up-to-date symlink: /home/kaisar/robot_ws/install/articubot_one/share/articubot_one/local_setup.zsh
[0.114s] -- Up-to-date symlink: /home/kaisar/robot_ws/install/articubot_one/share/articubot_one/local_setup.dsv
[0.115s] -- Symlinking: /home/kaisar/robot_ws/install/articubot_one/share/articubot_one/package.dsv
[0.124s] -- Up-to-date symlink: /home/kaisar/robot_ws/install/articubot_one/share/ament_index/resource_index/packages/articubot_one
[0.125s] -- Up-to-date symlink: /home/kaisar/robot_ws/install/articubot_one/share/articubot_one/cmake/articubot_oneConfig.cmake
[0.125s] -- Up-to-date symlink: /home/kaisar/robot_ws/install/articubot_one/share/articubot_one/cmake/articubot_oneConfig-version.cmake
[0.125s] -- Up-to-date symlink: /home/kaisar/robot_ws/install/articubot_one/share/articubot_one/package.xml
[0.128s] Invoked command in '/home/kaisar/robot_ws/build/articubot_one' returned '0': CMAKE_PREFIX_PATH=${CMAKE_PREFIX_PATH}:/opt/ros/foxy /usr/bin/cmake --install /home/kaisar/robot_ws/build/articubot_one
