[0.020s] Invoking command in '/home/kaisar/robot_ws/build/articubot_one': CMAKE_PREFIX_PATH=${CMAKE_PREFIX_PATH}:/opt/ros/foxy /usr/bin/cmake --build /home/kaisar/robot_ws/build/articubot_one -- -j12 -l12
[0.057s] Invoked command in '/home/kaisar/robot_ws/build/articubot_one' returned '0': CMAKE_PREFIX_PATH=${CMAKE_PREFIX_PATH}:/opt/ros/foxy /usr/bin/cmake --build /home/kaisar/robot_ws/build/articubot_one -- -j12 -l12
[0.102s] Invoking command in '/home/kaisar/robot_ws/build/articubot_one': CMAKE_PREFIX_PATH=${CMAKE_PREFIX_PATH}:/opt/ros/foxy /usr/bin/cmake --install /home/kaisar/robot_ws/build/articubot_one
[0.112s] -- Install configuration: ""
[0.112s] -- Execute custom install script
[0.112s] -- Up-to-date symlink: /home/kaisar/robot_ws/install/articubot_one/share/articubot_one/config/bot.rviz
[0.113s] -- Symlinking: /home/kaisar/robot_ws/install/articubot_one/share/articubot_one/description/gazebo_control.xacro
[0.124s] -- Up-to-date symlink: /home/kaisar/robot_ws/install/articubot_one/share/articubot_one/description/robot.urdf.xacro
[0.124s] -- Up-to-date symlink: /home/kaisar/robot_ws/install/articubot_one/share/articubot_one/description/robot_core.xacro
[0.125s] -- Up-to-date symlink: /home/kaisar/robot_ws/install/articubot_one/share/articubot_one/launch/launch_sim.launch.py
[0.125s] -- Up-to-date symlink: /home/kaisar/robot_ws/install/articubot_one/share/articubot_one/launch/rsp.launch.py
[0.126s] -- Up-to-date symlink: /home/kaisar/robot_ws/install/articubot_one/share/articubot_one/worlds/empty.world
[0.127s] -- Up-to-date symlink: /home/kaisar/robot_ws/install/articubot_one/share/ament_index/resource_index/package_run_dependencies/articubot_one
[0.127s] -- Up-to-date symlink: /home/kaisar/robot_ws/install/articubot_one/share/ament_index/resource_index/parent_prefix_path/articubot_one
[0.128s] -- Up-to-date symlink: /home/kaisar/robot_ws/install/articubot_one/share/articubot_one/environment/ament_prefix_path.sh
[0.129s] -- Up-to-date symlink: /home/kaisar/robot_ws/install/articubot_one/share/articubot_one/environment/ament_prefix_path.dsv
[0.129s] -- Up-to-date symlink: /home/kaisar/robot_ws/install/articubot_one/share/articubot_one/environment/path.sh
[0.130s] -- Up-to-date symlink: /home/kaisar/robot_ws/install/articubot_one/share/articubot_one/environment/path.dsv
[0.130s] -- Up-to-date symlink: /home/kaisar/robot_ws/install/articubot_one/share/articubot_one/local_setup.bash
[0.131s] -- Up-to-date symlink: /home/kaisar/robot_ws/install/articubot_one/share/articubot_one/local_setup.sh
[0.132s] -- Up-to-date symlink: /home/kaisar/robot_ws/install/articubot_one/share/articubot_one/local_setup.zsh
[0.132s] -- Up-to-date symlink: /home/kaisar/robot_ws/install/articubot_one/share/articubot_one/local_setup.dsv
[0.133s] -- Symlinking: /home/kaisar/robot_ws/install/articubot_one/share/articubot_one/package.dsv
[0.147s] -- Up-to-date symlink: /home/kaisar/robot_ws/install/articubot_one/share/ament_index/resource_index/packages/articubot_one
[0.147s] -- Up-to-date symlink: /home/kaisar/robot_ws/install/articubot_one/share/articubot_one/cmake/articubot_oneConfig.cmake
[0.148s] -- Up-to-date symlink: /home/kaisar/robot_ws/install/articubot_one/share/articubot_one/cmake/articubot_oneConfig-version.cmake
[0.148s] -- Up-to-date symlink: /home/kaisar/robot_ws/install/articubot_one/share/articubot_one/package.xml
[0.153s] Invoked command in '/home/kaisar/robot_ws/build/articubot_one' returned '0': CMAKE_PREFIX_PATH=${CMAKE_PREFIX_PATH}:/opt/ros/foxy /usr/bin/cmake --install /home/kaisar/robot_ws/build/articubot_one
