[0.020s] Invoking command in '/home/kaisar/robot_ws/build/articubot_one': CMAKE_PREFIX_PATH=${CMAKE_PREFIX_PATH}:/opt/ros/foxy /usr/bin/cmake --build /home/kaisar/robot_ws/build/articubot_one -- -j12 -l12
[0.076s] Invoked command in '/home/kaisar/robot_ws/build/articubot_one' returned '0': CMAKE_PREFIX_PATH=${CMAKE_PREFIX_PATH}:/opt/ros/foxy /usr/bin/cmake --build /home/kaisar/robot_ws/build/articubot_one -- -j12 -l12
[0.120s] Invoking command in '/home/kaisar/robot_ws/build/articubot_one': CMAKE_PREFIX_PATH=${CMAKE_PREFIX_PATH}:/opt/ros/foxy /usr/bin/cmake --install /home/kaisar/robot_ws/build/articubot_one
[0.133s] -- Install configuration: ""
[0.134s] -- Execute custom install script
[0.134s] -- Symlinking: /home/kaisar/robot_ws/install/articubot_one/share/articubot_one/config/bot.rviz
[0.149s] -- Up-to-date symlink: /home/kaisar/robot_ws/install/articubot_one/share/articubot_one/description/robot.urdf.xacro
[0.149s] -- Up-to-date symlink: /home/kaisar/robot_ws/install/articubot_one/share/articubot_one/description/robot_core.xacro
[0.150s] -- Symlinking: /home/kaisar/robot_ws/install/articubot_one/share/articubot_one/launch/launch_sim.launch.py
[0.162s] -- Up-to-date symlink: /home/kaisar/robot_ws/install/articubot_one/share/articubot_one/launch/rsp.launch.py
[0.162s] -- Up-to-date symlink: /home/kaisar/robot_ws/install/articubot_one/share/articubot_one/worlds/empty.world
[0.163s] -- Up-to-date symlink: /home/kaisar/robot_ws/install/articubot_one/share/ament_index/resource_index/package_run_dependencies/articubot_one
[0.163s] -- Up-to-date symlink: /home/kaisar/robot_ws/install/articubot_one/share/ament_index/resource_index/parent_prefix_path/articubot_one
[0.164s] -- Up-to-date symlink: /home/kaisar/robot_ws/install/articubot_one/share/articubot_one/environment/ament_prefix_path.sh
[0.164s] -- Up-to-date symlink: /home/kaisar/robot_ws/install/articubot_one/share/articubot_one/environment/ament_prefix_path.dsv
[0.165s] -- Up-to-date symlink: /home/kaisar/robot_ws/install/articubot_one/share/articubot_one/environment/path.sh
[0.165s] -- Up-to-date symlink: /home/kaisar/robot_ws/install/articubot_one/share/articubot_one/environment/path.dsv
[0.166s] -- Up-to-date symlink: /home/kaisar/robot_ws/install/articubot_one/share/articubot_one/local_setup.bash
[0.166s] -- Up-to-date symlink: /home/kaisar/robot_ws/install/articubot_one/share/articubot_one/local_setup.sh
[0.167s] -- Up-to-date symlink: /home/kaisar/robot_ws/install/articubot_one/share/articubot_one/local_setup.zsh
[0.167s] -- Up-to-date symlink: /home/kaisar/robot_ws/install/articubot_one/share/articubot_one/local_setup.dsv
[0.168s] -- Symlinking: /home/kaisar/robot_ws/install/articubot_one/share/articubot_one/package.dsv
[0.181s] -- Up-to-date symlink: /home/kaisar/robot_ws/install/articubot_one/share/ament_index/resource_index/packages/articubot_one
[0.182s] -- Up-to-date symlink: /home/kaisar/robot_ws/install/articubot_one/share/articubot_one/cmake/articubot_oneConfig.cmake
[0.182s] -- Up-to-date symlink: /home/kaisar/robot_ws/install/articubot_one/share/articubot_one/cmake/articubot_oneConfig-version.cmake
[0.182s] -- Up-to-date symlink: /home/kaisar/robot_ws/install/articubot_one/share/articubot_one/package.xml
[0.186s] Invoked command in '/home/kaisar/robot_ws/build/articubot_one' returned '0': CMAKE_PREFIX_PATH=${CMAKE_PREFIX_PATH}:/opt/ros/foxy /usr/bin/cmake --install /home/kaisar/robot_ws/build/articubot_one
